Binary: /usr/bin/gst-typefind-0.10
typefind_file
main
have_type_handler
gst_tools_set_prgname
gst_tools_print_version

Binary: /usr/lib/x86_64-linux-gnu/libgstreamer-0.10.so.0
__gst_element_details_clear
__gst_element_details_copy
__gst_element_factory_add_interface
__gst_element_factory_add_static_pad_template
__stat
__udivti3
_gst_alloc_trace_register
_gst_boolean_accumulator
_gst_buffer_copy
_gst_buffer_initialize
_gst_buffer_list_copy
_gst_buffer_list_initialize
_gst_caps_free
_gst_clock_id_free
_gst_debug_bin_to_dot_file
_gst_debug_bin_to_dot_file_with_ts
_gst_debug_category_new
_gst_debug_dump_mem
_gst_debug_get_category
_gst_debug_init
_gst_debug_nameof_funcptr
_gst_debug_register_funcptr
_gst_do_pass_data_accumulator
_gst_element_error_printf
_gst_element_request_pad
_gst_event_copy
_gst_event_initialize
_gst_format_initialize
_gst_info_printf_extension_arginfo
_gst_info_printf_extension_ptr
_gst_info_printf_extension_segment
_gst_message_copy
_gst_message_initialize
_gst_param_fraction_init
_gst_param_fraction_set_default
_gst_param_fraction_validate
_gst_param_fraction_values_cmp
_gst_parse_escape
_gst_plugin_fault_handler_restore
_gst_plugin_fault_handler_setup
_gst_plugin_fault_handler_sighandler
_gst_plugin_feature_filter_plugin_name
_gst_plugin_initialize
_gst_plugin_loader_client_run
_gst_plugin_register_static
_gst_query_copy
_gst_query_initialize
_gst_strdup0
_gst_tag_initialize
_gst_trace_add_entry
_gst_util_uint64_scale
_gst_util_uint64_scale_int
_gst_value_initialize
_priv_gst_element_state_changed
_priv_gst_in_valgrind
_priv_gst_pad_invalidate_cache
_priv_gst_quarks_initialize
_priv_gst_registry_chunk_free
_priv_gst_registry_chunks_load_global_header
_priv_gst_registry_chunks_load_plugin
_priv_gst_registry_chunks_save_global_header
_priv_gst_registry_chunks_save_plugin
_priv_gst_registry_cleanup
_priv_plugin_deps_env_vars_changed
_priv_plugin_deps_files_changed
_strnlen
activate_pads
add_path_func
add_to_free_list
add_to_queue
add_unref_pad_to_list
aligned_malloc
bin_bus_handler
bin_do_eos
bin_do_message_forward
bin_element_is_sink
bin_element_is_src
bin_handle_async_done
bin_handle_async_start
bin_push_state_continue
bin_query_duration_done
bin_query_duration_fold
bin_query_generic_fold
bin_query_latency_done
bin_query_latency_fold
bin_query_min_max_init
bin_query_position_done
bin_query_position_fold
bin_remove_messages
bin_replace_message
check_protocol_version
check_release_datetime
choose_mode
clear_caps
clear_free_list
clear_queue
clear_scan_context
clock_type_to_posix_id
clp2
compare_func
compare_interface
compare_name
copy_garray_of_gstvalue
debug_dump_describe_caps
debug_dump_element
debug_dump_element_pad
debug_dump_element_pad_link
debug_dump_element_pads
debug_dump_get_element_params
debug_dump_get_element_state
debug_dump_make_object_name
debug_dump_pad
debug_log_handler
default_cleanup
default_func
default_have_data
default_join
default_prepare
default_push
do_linear_regression
do_plugin_load
do_stream_status
element_filter
element_find_unlinked_pad
ensure_current_registry
escape_string
escape_string_internal
exchange_packets
fd_set_to_pollfd
file_path_contains_relatives
filter_free
filter_next
filter_resync
filter_uninit
find_common_root
find_custom_fold_func
find_element
find_index
find_message
fixate_value
for_each_threshold_by_entry
foreach_fold_func
free_queue_mem
get_element_factories_from_uri_protocol
getcaps_fold_func
ghost_up
gst_activate_mode_get_type
gst_alloc_trace_available
gst_alloc_trace_flags_get_type
gst_alloc_trace_get
gst_alloc_trace_list
gst_alloc_trace_list_sorted
gst_alloc_trace_live_all
gst_alloc_trace_print
gst_alloc_trace_print_all
gst_alloc_trace_print_live
gst_alloc_trace_set_flags
gst_alloc_trace_set_flags_all
gst_assoc_flags_get_type
gst_atomic_int_set
gst_atomic_queue_free
gst_atomic_queue_length
gst_atomic_queue_new
gst_atomic_queue_peek
gst_atomic_queue_pop
gst_atomic_queue_push
gst_atomic_queue_ref
gst_atomic_queue_unref
gst_bin_add
gst_bin_add_func
gst_bin_add_many
gst_bin_base_init
gst_bin_change_state_func
gst_bin_child_proxy_get_child_by_index
gst_bin_child_proxy_get_children_count
gst_bin_child_proxy_init
gst_bin_class_init
gst_bin_class_init_trampoline
gst_bin_continue_func
gst_bin_dispose
gst_bin_do_latency_func
gst_bin_element_set_state
gst_bin_find_unconnected_pad
gst_bin_find_unlinked_pad
gst_bin_flags_get_type
gst_bin_get_by_interface
gst_bin_get_by_name
gst_bin_get_by_name_recurse_up
gst_bin_get_index_func
gst_bin_get_property
gst_bin_get_state_func
gst_bin_get_type
gst_bin_handle_message_func
gst_bin_init
gst_bin_iterate_all_by_interface
gst_bin_iterate_elements
gst_bin_iterate_recurse
gst_bin_iterate_sinks
gst_bin_iterate_sorted
gst_bin_iterate_sources
gst_bin_new
gst_bin_provide_clock_func
gst_bin_query
gst_bin_recalculate_latency
gst_bin_remove
gst_bin_remove_func
gst_bin_remove_many
gst_bin_restore_thyself
gst_bin_save_thyself
gst_bin_send_event
gst_bin_set_clock_func
gst_bin_set_index_func
gst_bin_set_property
gst_bin_sort_iterator_free
gst_bin_sort_iterator_new
gst_bin_sort_iterator_next
gst_bin_sort_iterator_resync
gst_bin_src_pads_activate
gst_bin_state_changed
gst_buffer_class_init
gst_buffer_class_intern_init
gst_buffer_copy_flags_get_type
gst_buffer_copy_metadata
gst_buffer_copy_qdata
gst_buffer_create_sub
gst_buffer_ensure_priv
gst_buffer_finalize
gst_buffer_flag_get_type
gst_buffer_get_caps
gst_buffer_get_qdata
gst_buffer_get_type
gst_buffer_init
gst_buffer_is_metadata_writable
gst_buffer_is_span_fast
gst_buffer_join
gst_buffer_list_class_init
gst_buffer_list_class_intern_init
gst_buffer_list_finalize
gst_buffer_list_foreach
gst_buffer_list_get
gst_buffer_list_get_type
gst_buffer_list_init
gst_buffer_list_item_get_type
gst_buffer_list_iterate
gst_buffer_list_iterator_add
gst_buffer_list_iterator_add_group
gst_buffer_list_iterator_add_list
gst_buffer_list_iterator_copy
gst_buffer_list_iterator_do
gst_buffer_list_iterator_free
gst_buffer_list_iterator_get_type
gst_buffer_list_iterator_merge_group
gst_buffer_list_iterator_n_buffers
gst_buffer_list_iterator_next
gst_buffer_list_iterator_next_group
gst_buffer_list_iterator_remove
gst_buffer_list_iterator_steal
gst_buffer_list_iterator_take
gst_buffer_list_n_groups
gst_buffer_list_new
gst_buffer_make_metadata_writable
gst_buffer_merge
gst_buffer_new
gst_buffer_new_and_alloc
gst_buffer_set_caps
gst_buffer_set_qdata
gst_buffer_span
gst_buffer_stamp
gst_buffer_try_new_and_alloc
gst_buffering_mode_get_type
gst_bus_add_signal_watch
gst_bus_add_signal_watch_full
gst_bus_add_watch
gst_bus_add_watch_full
gst_bus_add_watch_full_unlocked
gst_bus_async_signal_func
gst_bus_class_init
gst_bus_class_intern_init
gst_bus_create_watch
gst_bus_disable_sync_message_emission
gst_bus_dispose
gst_bus_enable_sync_message_emission
gst_bus_flags_get_type
gst_bus_get_type
gst_bus_have_pending
gst_bus_init
gst_bus_new
gst_bus_peek
gst_bus_poll
gst_bus_pop
gst_bus_pop_filtered
gst_bus_post
gst_bus_remove_signal_watch
gst_bus_set_flushing
gst_bus_set_main_context
gst_bus_set_sync_handler
gst_bus_source_check
gst_bus_source_dispatch
gst_bus_source_finalize
gst_bus_source_prepare
gst_bus_sync_reply_get_type
gst_bus_sync_signal_handler
gst_bus_timed_pop
gst_bus_timed_pop_filtered
gst_bus_wakeup_main_context
gst_caps_append
gst_caps_append_structure
gst_caps_can_intersect
gst_caps_compare_structures
gst_caps_copy
gst_caps_copy_conditional
gst_caps_copy_nth
gst_caps_do_simplify
gst_caps_flags_get_type
gst_caps_from_string
gst_caps_from_string_inplace
gst_caps_get_size
gst_caps_get_structure
gst_caps_get_type
gst_caps_intersect
gst_caps_intersect_first
gst_caps_intersect_full
gst_caps_intersect_mode_get_type
gst_caps_intersect_zig_zag
gst_caps_is_always_compatible
gst_caps_is_any
gst_caps_is_empty
gst_caps_is_equal
gst_caps_is_equal_fixed
gst_caps_is_fixed
gst_caps_is_fixed_foreach
gst_caps_is_strictly_equal
gst_caps_is_subset
gst_caps_is_subset_structure
gst_caps_load_thyself
gst_caps_make_writable
gst_caps_merge
gst_caps_merge_structure
gst_caps_new_any
gst_caps_new_empty
gst_caps_new_full
gst_caps_new_full_valist
gst_caps_new_simple
gst_caps_normalize
gst_caps_normalize_foreach
gst_caps_ref
gst_caps_remove_and_get_structure
gst_caps_remove_structure
gst_caps_replace
gst_caps_save_thyself
gst_caps_set_simple
gst_caps_set_simple_valist
gst_caps_set_value
gst_caps_steal_structure
gst_caps_structure_can_intersect_field
gst_caps_structure_figure_out_union
gst_caps_structure_is_subset_field
gst_caps_structure_simplify
gst_caps_structure_subtract
gst_caps_structure_subtract_field
gst_caps_subtract
gst_caps_switch_structures
gst_caps_to_string
gst_caps_transform_to_string
gst_caps_truncate
gst_caps_union
gst_caps_unref
gst_child_proxy_base_init
gst_child_proxy_child_added
gst_child_proxy_child_removed
gst_child_proxy_get
gst_child_proxy_get_child_by_index
gst_child_proxy_get_child_by_name
gst_child_proxy_get_children_count
gst_child_proxy_get_property
gst_child_proxy_get_type
gst_child_proxy_get_valist
gst_child_proxy_lookup
gst_child_proxy_set
gst_child_proxy_set_property
gst_child_proxy_set_valist
gst_class_signal_connect
gst_class_signal_emit_by_name
gst_clock_add_observation
gst_clock_adjust_unlocked
gst_clock_class_init
gst_clock_class_intern_init
gst_clock_dispose
gst_clock_entry_new
gst_clock_entry_reinit
gst_clock_entry_type_get_type
gst_clock_finalize
gst_clock_flags_get_type
gst_clock_get_calibration
gst_clock_get_internal_time
gst_clock_get_master
gst_clock_get_property
gst_clock_get_resolution
gst_clock_get_time
gst_clock_get_type
gst_clock_id_compare_func
gst_clock_id_get_time
gst_clock_id_ref
gst_clock_id_unref
gst_clock_id_unschedule
gst_clock_id_wait
gst_clock_id_wait_async
gst_clock_id_wait_async_full
gst_clock_init
gst_clock_new_periodic_id
gst_clock_new_single_shot_id
gst_clock_periodic_id_reinit
gst_clock_return_get_type
gst_clock_set_calibration
gst_clock_set_master
gst_clock_set_property
gst_clock_set_resolution
gst_clock_single_shot_id_reinit
gst_clock_slave_callback
gst_clock_type_get_type
gst_clock_unadjust_unlocked
gst_clock_update_stats
gst_core_error_get_type
gst_core_error_quark
gst_date_copy
gst_date_get_type
gst_date_time_free
gst_date_time_get_day
gst_date_time_get_hour
gst_date_time_get_microsecond
gst_date_time_get_minute
gst_date_time_get_month
gst_date_time_get_second
gst_date_time_get_time_zone_offset
gst_date_time_get_type
gst_date_time_get_year
gst_date_time_new
gst_date_time_new_from_gdatetime
gst_date_time_new_from_unix_epoch_local_time
gst_date_time_new_from_unix_epoch_utc
gst_date_time_new_local_time
gst_date_time_new_now_local_time
gst_date_time_new_now_utc
gst_date_time_ref
gst_date_time_unref
gst_debug_add_log_function
gst_debug_category_free
gst_debug_category_get_color
gst_debug_category_get_description
gst_debug_category_get_name
gst_debug_category_get_threshold
gst_debug_category_reset_threshold
gst_debug_category_set_threshold
gst_debug_color_flags_get_type
gst_debug_compare_log_function_by_data
gst_debug_compare_log_function_by_func
gst_debug_construct_term_color
gst_debug_construct_win_color
gst_debug_get_all_categories
gst_debug_get_default_threshold
gst_debug_graph_details_get_type
gst_debug_help
gst_debug_is_active
gst_debug_is_colored
gst_debug_level_get_name
gst_debug_level_get_type
gst_debug_log
gst_debug_log_default
gst_debug_log_valist
gst_debug_message_get
gst_debug_print_object
gst_debug_print_segment
gst_debug_print_stack_trace
gst_debug_remove_log_function
gst_debug_remove_log_function_by_data
gst_debug_remove_with_compare_func
gst_debug_reset_all_thresholds
gst_debug_reset_threshold
gst_debug_set_active
gst_debug_set_colored
gst_debug_set_default_threshold
gst_debug_set_threshold_for_name
gst_debug_unset_threshold_for_name
gst_default_registry_check_feature_version
gst_deinit
gst_double_range_get_type
gst_element_abort_state
gst_element_add_pad
gst_element_base_class_finalize
gst_element_base_class_init
gst_element_change_state
gst_element_change_state_func
gst_element_class_add_meta_data
gst_element_class_add_pad_template
gst_element_class_add_static_pad_template
gst_element_class_get_pad_template
gst_element_class_get_pad_template_list
gst_element_class_get_request_pad_template
gst_element_class_init
gst_element_class_install_std_props
gst_element_class_set_details
gst_element_class_set_details_simple
gst_element_class_set_documentation_uri
gst_element_class_set_icon_name
gst_element_continue_state
gst_element_create_all_pads
gst_element_default_query
gst_element_default_send_event
gst_element_dispose
gst_element_factory_can_accept_all_caps_in_direction
gst_element_factory_can_accept_any_caps_in_direction
gst_element_factory_can_sink_all_caps
gst_element_factory_can_sink_any_caps
gst_element_factory_can_sink_caps
gst_element_factory_can_src_all_caps
gst_element_factory_can_src_any_caps
gst_element_factory_can_src_caps
gst_element_factory_class_init
gst_element_factory_class_intern_init
gst_element_factory_cleanup
gst_element_factory_create
gst_element_factory_finalize
gst_element_factory_find
gst_element_factory_get_author
gst_element_factory_get_description
gst_element_factory_get_documentation_uri
gst_element_factory_get_element_type
gst_element_factory_get_icon_name
gst_element_factory_get_klass
gst_element_factory_get_longname
gst_element_factory_get_meta_data
gst_element_factory_get_num_pad_templates
gst_element_factory_get_static_pad_templates
gst_element_factory_get_type
gst_element_factory_get_uri_protocols
gst_element_factory_get_uri_type
gst_element_factory_has_interface
gst_element_factory_init
gst_element_factory_list_filter
gst_element_factory_list_get_elements
gst_element_factory_list_is_type
gst_element_factory_make
gst_element_finalize
gst_element_flags_get_type
gst_element_found_tags
gst_element_found_tags_for_pad
gst_element_get_base_time
gst_element_get_bus
gst_element_get_clock
gst_element_get_compatible_pad
gst_element_get_compatible_pad_template
gst_element_get_factory
gst_element_get_index
gst_element_get_pad
gst_element_get_pad_from_template
gst_element_get_query_types
gst_element_get_random_pad
gst_element_get_request_pad
gst_element_get_start_time
gst_element_get_state
gst_element_get_state_func
gst_element_get_static_pad
gst_element_get_type
gst_element_implements_interface
gst_element_init
gst_element_is_indexable
gst_element_is_locked_state
gst_element_iterate_pad_list
gst_element_iterate_pads
gst_element_iterate_sink_pads
gst_element_iterate_src_pads
gst_element_link
gst_element_link_filtered
gst_element_link_many
gst_element_link_pads
gst_element_link_pads_filtered
gst_element_link_pads_full
gst_element_lost_state
gst_element_lost_state_full
gst_element_make_from_uri
gst_element_message_full
gst_element_no_more_pads
gst_element_pads_activate
gst_element_populate_std_props
gst_element_post_message
gst_element_provide_clock
gst_element_provides_clock
gst_element_query
gst_element_query_convert
gst_element_query_duration
gst_element_query_position
gst_element_register
gst_element_release_request_pad
gst_element_remove_pad
gst_element_request_compatible_pad
gst_element_request_pad
gst_element_requires_clock
gst_element_restore_thyself
gst_element_save_thyself
gst_element_seek
gst_element_seek_simple
gst_element_send_event
gst_element_set_base_time
gst_element_set_bus
gst_element_set_bus_func
gst_element_set_clock
gst_element_set_index
gst_element_set_locked_state
gst_element_set_start_time
gst_element_set_state
gst_element_set_state_func
gst_element_state_change_return_get_name
gst_element_state_get_name
gst_element_sync_state_with_parent
gst_element_unlink
gst_element_unlink_many
gst_element_unlink_pads
gst_error_get_core_error
gst_error_get_library_error
gst_error_get_message
gst_error_get_resource_error
gst_error_get_stream_error
gst_event_class_init
gst_event_class_intern_init
gst_event_finalize
gst_event_get_seqnum
gst_event_get_structure
gst_event_get_type
gst_event_has_name
gst_event_init
gst_event_new
gst_event_new_buffer_size
gst_event_new_custom
gst_event_new_eos
gst_event_new_flush_start
gst_event_new_flush_stop
gst_event_new_latency
gst_event_new_navigation
gst_event_new_new_segment
gst_event_new_new_segment_full
gst_event_new_qos
gst_event_new_qos_full
gst_event_new_seek
gst_event_new_sink_message
gst_event_new_step
gst_event_new_tag
gst_event_parse_buffer_size
gst_event_parse_latency
gst_event_parse_new_segment
gst_event_parse_new_segment_full
gst_event_parse_qos
gst_event_parse_qos_full
gst_event_parse_seek
gst_event_parse_sink_message
gst_event_parse_step
gst_event_parse_tag
gst_event_set_seqnum
gst_event_type_flags_get_type
gst_event_type_get_flags
gst_event_type_get_name
gst_event_type_get_type
gst_event_type_to_quark
gst_file_utils_canonicalise_path
gst_filename_to_uri
gst_filter_run
gst_flow_get_name
gst_flow_return_get_type
gst_flow_to_quark
gst_format_get_by_nick
gst_format_get_details
gst_format_get_name
gst_format_get_type
gst_format_iterate_definitions
gst_format_register
gst_format_to_quark
gst_formats_contains
gst_fourcc_get_type
gst_fraction_get_type
gst_fraction_range_get_type
gst_g_cond_new
gst_g_cond_timed_wait
gst_g_error_get_type
gst_g_mutex_free
gst_g_value_get_boolean_unchecked
gst_g_value_get_double_unchecked
gst_g_value_get_int64_unchecked
gst_g_value_get_int_unchecked
gst_g_value_get_string_unchecked
gst_g_value_get_uint64_unchecked
gst_g_value_get_uint_unchecked
gst_ghost_pad_activate_pull_default
gst_ghost_pad_activate_push_default
gst_ghost_pad_class_init
gst_ghost_pad_class_intern_init
gst_ghost_pad_construct
gst_ghost_pad_dispose
gst_ghost_pad_get_target
gst_ghost_pad_get_type
gst_ghost_pad_init
gst_ghost_pad_internal_activate_pull_default
gst_ghost_pad_internal_activate_push_default
gst_ghost_pad_link_default
gst_ghost_pad_new
gst_ghost_pad_new_from_template
gst_ghost_pad_new_full
gst_ghost_pad_new_no_target
gst_ghost_pad_new_no_target_from_template
gst_ghost_pad_set_target
gst_ghost_pad_setcaps_default
gst_ghost_pad_unlink_default
gst_implements_interface_cast
gst_implements_interface_check
gst_implements_interface_class_init
gst_implements_interface_get_type
gst_implements_interface_supported_default
gst_index_add_association
gst_index_add_associationv
gst_index_add_entry
gst_index_add_format
gst_index_add_id
gst_index_add_object
gst_index_certainty_get_type
gst_index_class_init
gst_index_class_intern_init
gst_index_commit
gst_index_compare_func
gst_index_entry_assoc_map
gst_index_entry_copy
gst_index_entry_free
gst_index_entry_get_type
gst_index_entry_type_get_type
gst_index_factory_class_init
gst_index_factory_class_intern_init
gst_index_factory_create
gst_index_factory_destroy
gst_index_factory_finalize
gst_index_factory_find
gst_index_factory_get_type
gst_index_factory_init
gst_index_factory_make
gst_index_factory_new
gst_index_finalize
gst_index_flags_get_type
gst_index_free_writer
gst_index_get_assoc_entry
gst_index_get_assoc_entry_full
gst_index_get_certainty
gst_index_get_group
gst_index_get_property
gst_index_get_type
gst_index_get_writer_id
gst_index_group_free
gst_index_group_new
gst_index_gtype_resolver
gst_index_init
gst_index_lookup_method_get_type
gst_index_new
gst_index_new_group
gst_index_path_resolver
gst_index_resolver_get_type
gst_index_resolver_method_get_type
gst_index_set_certainty
gst_index_set_filter
gst_index_set_filter_full
gst_index_set_group
gst_index_set_property
gst_index_set_resolver
gst_index_set_resolver_full
gst_info_dump_mem_line
gst_info_structure_to_string
gst_init
gst_init_check
gst_init_get_option_group
gst_int64_range_get_type
gst_int_range_get_type
gst_is_initialized
gst_is_tag_list
gst_iterator_filter
gst_iterator_find_custom
gst_iterator_fold
gst_iterator_foreach
gst_iterator_free
gst_iterator_init
gst_iterator_item_get_type
gst_iterator_new
gst_iterator_new_list
gst_iterator_new_single
gst_iterator_next
gst_iterator_pop
gst_iterator_push
gst_iterator_result_get_type
gst_iterator_resync
gst_library_error_get_type
gst_library_error_quark
gst_list_iterator_free
gst_list_iterator_next
gst_list_iterator_resync
gst_marshal_BOOLEAN__POINTER
gst_marshal_BOOLEAN__VOID
gst_marshal_BOXED__BOXED
gst_marshal_POINTER__POINTER
gst_marshal_VOID__BOXED_OBJECT
gst_marshal_VOID__INT64
gst_marshal_VOID__INT_INT
gst_marshal_VOID__OBJECT_BOXED
gst_marshal_VOID__OBJECT_BOXED_STRING
gst_marshal_VOID__OBJECT_OBJECT
gst_marshal_VOID__OBJECT_OBJECT_STRING
gst_marshal_VOID__OBJECT_PARAM
gst_marshal_VOID__OBJECT_POINTER
gst_marshal_VOID__OBJECT_STRING
gst_marshal_VOID__POINTER_OBJECT
gst_marshal_VOID__UINT_BOXED
gst_message_class_init
gst_message_class_intern_init
gst_message_finalize
gst_message_get_seqnum
gst_message_get_stream_status_object
gst_message_get_structure
gst_message_get_type
gst_message_init
gst_message_new_application
gst_message_new_async_done
gst_message_new_async_start
gst_message_new_buffering
gst_message_new_clock_lost
gst_message_new_clock_provide
gst_message_new_custom
gst_message_new_duration
gst_message_new_element
gst_message_new_eos
gst_message_new_error
gst_message_new_info
gst_message_new_latency
gst_message_new_new_clock
gst_message_new_progress
gst_message_new_qos
gst_message_new_request_state
gst_message_new_segment_done
gst_message_new_segment_start
gst_message_new_state_changed
gst_message_new_state_dirty
gst_message_new_step_done
gst_message_new_step_start
gst_message_new_stream_status
gst_message_new_structure_change
gst_message_new_tag
gst_message_new_tag_full
gst_message_new_warning
gst_message_parse_async_start
gst_message_parse_buffering
gst_message_parse_buffering_stats
gst_message_parse_clock_lost
gst_message_parse_clock_provide
gst_message_parse_duration
gst_message_parse_error
gst_message_parse_info
gst_message_parse_new_clock
gst_message_parse_progress
gst_message_parse_qos
gst_message_parse_qos_stats
gst_message_parse_qos_values
gst_message_parse_request_state
gst_message_parse_segment_done
gst_message_parse_segment_start
gst_message_parse_state_changed
gst_message_parse_step_done
gst_message_parse_step_start
gst_message_parse_stream_status
gst_message_parse_structure_change
gst_message_parse_tag
gst_message_parse_tag_full
gst_message_parse_warning
gst_message_ref
gst_message_set_buffering_stats
gst_message_set_qos_stats
gst_message_set_qos_values
gst_message_set_seqnum
gst_message_set_stream_status_object
gst_message_type_get_name
gst_message_type_get_type
gst_message_type_to_quark
gst_mini_object_class_init
gst_mini_object_copy
gst_mini_object_copy_default
gst_mini_object_finalize
gst_mini_object_flags_get_type
gst_mini_object_free
gst_mini_object_get_type
gst_mini_object_init
gst_mini_object_is_writable
gst_mini_object_make_writable
gst_mini_object_new
gst_mini_object_ref
gst_mini_object_replace
gst_mini_object_unref
gst_mini_object_weak_ref
gst_mini_object_weak_unref
gst_object_check_uniqueness
gst_object_class_init
gst_object_class_intern_init
gst_object_default_deep_notify
gst_object_default_error
gst_object_dispatch_properties_changed
gst_object_dispose
gst_object_finalize
gst_object_flags_get_type
gst_object_get_name
gst_object_get_name_prefix
gst_object_get_parent
gst_object_get_path_string
gst_object_get_property
gst_object_get_type
gst_object_has_ancestor
gst_object_init
gst_object_real_restore_thyself
gst_object_ref
gst_object_ref_sink
gst_object_replace
gst_object_restore_thyself
gst_object_save_thyself
gst_object_set_name
gst_object_set_name_default
gst_object_set_name_prefix
gst_object_set_parent
gst_object_set_property
gst_object_sink
gst_object_unparent
gst_object_unref
gst_pad_accept_caps
gst_pad_acceptcaps_default
gst_pad_activate_default
gst_pad_activate_pull
gst_pad_activate_push
gst_pad_add_buffer_probe
gst_pad_add_buffer_probe_full
gst_pad_add_data_probe
gst_pad_add_data_probe_full
gst_pad_add_event_probe
gst_pad_add_event_probe_full
gst_pad_alloc_buffer
gst_pad_alloc_buffer_and_set_caps
gst_pad_alloc_buffer_full
gst_pad_buffer_alloc_unchecked
gst_pad_can_link
gst_pad_chain
gst_pad_chain_data_unchecked
gst_pad_chain_list
gst_pad_check_link
gst_pad_check_pull_range
gst_pad_class_init
gst_pad_class_intern_init
gst_pad_configure_sink
gst_pad_configure_src
gst_pad_data_get_caps
gst_pad_data_unref
gst_pad_default_fixate
gst_pad_direction_get_type
gst_pad_dispatcher
gst_pad_dispose
gst_pad_emit_have_data_signal
gst_pad_event_default
gst_pad_event_default_dispatch
gst_pad_finalize
gst_pad_fixate_caps
gst_pad_flags_get_type
gst_pad_get_allowed_caps
gst_pad_get_caps
gst_pad_get_caps_reffed
gst_pad_get_caps_unlocked
gst_pad_get_direction
gst_pad_get_element_private
gst_pad_get_fixed_caps_func
gst_pad_get_internal_links
gst_pad_get_internal_links_default
gst_pad_get_negotiated_caps
gst_pad_get_pad_template
gst_pad_get_pad_template_caps
gst_pad_get_parent_element
gst_pad_get_peer
gst_pad_get_property
gst_pad_get_query_types
gst_pad_get_query_types_default
gst_pad_get_query_types_dispatcher
gst_pad_get_range
gst_pad_get_range_unchecked
gst_pad_get_type
gst_pad_init
gst_pad_is_active
gst_pad_is_blocked
gst_pad_is_blocking
gst_pad_is_linked
gst_pad_iterate_internal_links
gst_pad_iterate_internal_links_default
gst_pad_link
gst_pad_link_check_compatible_unlocked
gst_pad_link_check_get_type
gst_pad_link_check_hierarchy
gst_pad_link_full
gst_pad_link_prepare
gst_pad_link_return_get_type
gst_pad_load_and_link
gst_pad_new
gst_pad_new_from_static_template
gst_pad_new_from_template
gst_pad_pause_task
gst_pad_peer_accept_caps
gst_pad_peer_get_caps
gst_pad_peer_get_caps_reffed
gst_pad_peer_query
gst_pad_presence_get_type
gst_pad_proxy_getcaps
gst_pad_proxy_setcaps
gst_pad_pull_range
gst_pad_push
gst_pad_push_data
gst_pad_push_event
gst_pad_push_list
gst_pad_query
gst_pad_query_convert
gst_pad_query_default
gst_pad_query_duration
gst_pad_query_peer_convert
gst_pad_query_peer_duration
gst_pad_query_peer_position
gst_pad_query_position
gst_pad_remove_buffer_probe
gst_pad_remove_data_probe
gst_pad_remove_event_probe
gst_pad_save_thyself
gst_pad_send_event
gst_pad_set_acceptcaps_function
gst_pad_set_activate_function
gst_pad_set_activatepull_function
gst_pad_set_activatepush_function
gst_pad_set_active
gst_pad_set_blocked
gst_pad_set_blocked_async
gst_pad_set_blocked_async_full
gst_pad_set_bufferalloc_function
gst_pad_set_caps
gst_pad_set_chain_function
gst_pad_set_chain_list_function
gst_pad_set_checkgetrange_function
gst_pad_set_element_private
gst_pad_set_event_function
gst_pad_set_fixatecaps_function
gst_pad_set_getcaps_function
gst_pad_set_getrange_function
gst_pad_set_internal_link_function
gst_pad_set_iterate_internal_links_function
gst_pad_set_link_function
gst_pad_set_pad_template
gst_pad_set_property
gst_pad_set_query_function
gst_pad_set_query_type_function
gst_pad_set_setcaps_function
gst_pad_set_unlink_function
gst_pad_start_task
gst_pad_stop_task
gst_pad_template_class_init
gst_pad_template_class_intern_init
gst_pad_template_dispose
gst_pad_template_flags_get_type
gst_pad_template_get_caps
gst_pad_template_get_property
gst_pad_template_get_type
gst_pad_template_init
gst_pad_template_new
gst_pad_template_pad_created
gst_pad_template_set_property
gst_pad_unlink
gst_pad_use_fixed_caps
gst_param_spec_fraction
gst_param_spec_fraction_get_type
gst_param_spec_mini_object
gst_param_spec_mini_object_get_type
gst_parse_add_delayed_set
gst_parse_bin_from_description
gst_parse_bin_from_description_full
gst_parse_context_copy
gst_parse_context_free
gst_parse_context_get_missing_elements
gst_parse_context_get_type
gst_parse_context_new
gst_parse_element_set
gst_parse_error_get_type
gst_parse_error_quark
gst_parse_flags_get_type
gst_parse_found_pad
gst_parse_free_delayed_link
gst_parse_free_delayed_set
gst_parse_free_link
gst_parse_launch
gst_parse_launch_full
gst_parse_launchv
gst_parse_launchv_full
gst_parse_new_child
gst_parse_perform_delayed_link
gst_parse_perform_link
gst_parse_unescape
gst_pipeline_auto_clock
gst_pipeline_base_init
gst_pipeline_change_state
gst_pipeline_class_init
gst_pipeline_class_init_trampoline
gst_pipeline_dispose
gst_pipeline_flags_get_type
gst_pipeline_get_auto_flush_bus
gst_pipeline_get_bus
gst_pipeline_get_clock
gst_pipeline_get_delay
gst_pipeline_get_last_stream_time
gst_pipeline_get_property
gst_pipeline_get_type
gst_pipeline_handle_message
gst_pipeline_init
gst_pipeline_new
gst_pipeline_provide_clock_func
gst_pipeline_set_auto_flush_bus
gst_pipeline_set_clock
gst_pipeline_set_delay
gst_pipeline_set_new_stream_time
gst_pipeline_set_property
gst_pipeline_use_clock
gst_plugin_add_dependency
gst_plugin_add_dependency_simple
gst_plugin_check_license
gst_plugin_check_version
gst_plugin_class_init
gst_plugin_class_intern_init
gst_plugin_dependency_flags_get_type
gst_plugin_desc_copy
gst_plugin_desc_matches_whitelist_entry
gst_plugin_error_get_type
gst_plugin_error_quark
gst_plugin_ext_dep_direntry_matches
gst_plugin_ext_dep_equals
gst_plugin_ext_dep_extract_env_vars_paths
gst_plugin_ext_dep_free
gst_plugin_ext_dep_get_env_vars_hash
gst_plugin_ext_dep_get_hash_from_stat_entry
gst_plugin_ext_dep_get_stat_hash
gst_plugin_ext_dep_scan_dir_and_match_names
gst_plugin_ext_dep_scan_path_with_filenames
gst_plugin_ext_dep_strv_equal
gst_plugin_feature_check_version
gst_plugin_feature_class_init
gst_plugin_feature_class_intern_init
gst_plugin_feature_finalize
gst_plugin_feature_get_name
gst_plugin_feature_get_rank
gst_plugin_feature_get_type
gst_plugin_feature_init
gst_plugin_feature_list_copy
gst_plugin_feature_list_debug
gst_plugin_feature_list_free
gst_plugin_feature_load
gst_plugin_feature_rank_compare_func
gst_plugin_feature_set_name
gst_plugin_feature_set_rank
gst_plugin_feature_type_name_filter
gst_plugin_finalize
gst_plugin_flags_get_type
gst_plugin_get_cache_data
gst_plugin_get_description
gst_plugin_get_filename
gst_plugin_get_license
gst_plugin_get_module
gst_plugin_get_name
gst_plugin_get_origin
gst_plugin_get_package
gst_plugin_get_source
gst_plugin_get_type
gst_plugin_get_version
gst_plugin_init
gst_plugin_is_loaded
gst_plugin_list_free
gst_plugin_load
gst_plugin_load_by_name
gst_plugin_load_file
gst_plugin_loader_spawn
gst_plugin_loader_try_helper
gst_plugin_name_filter
gst_plugin_register_func
gst_plugin_register_static
gst_plugin_register_static_full
gst_plugin_set_cache_data
gst_poll_add_fd
gst_poll_add_fd_unlocked
gst_poll_fd_can_read
gst_poll_fd_can_read_unlocked
gst_poll_fd_can_write
gst_poll_fd_ctl_read
gst_poll_fd_ctl_read_unlocked
gst_poll_fd_ctl_write
gst_poll_fd_has_closed
gst_poll_fd_has_error
gst_poll_fd_ignored
gst_poll_fd_init
gst_poll_free
gst_poll_get_read_gpollfd
gst_poll_new
gst_poll_new_timer
gst_poll_read_control
gst_poll_remove_fd
gst_poll_restart
gst_poll_set_controllable
gst_poll_set_flushing
gst_poll_wait
gst_poll_write_control
gst_preset_base_init
gst_preset_class_init
gst_preset_default_delete_preset
gst_preset_default_get_meta
gst_preset_default_get_preset_names
gst_preset_default_get_property_names
gst_preset_default_load_preset
gst_preset_default_rename_preset
gst_preset_default_save_preset
gst_preset_default_save_presets_file
gst_preset_default_set_meta
gst_preset_delete_preset
gst_preset_get_app_dir
gst_preset_get_meta
gst_preset_get_preset_names
gst_preset_get_property_names
gst_preset_get_type
gst_preset_load_preset
gst_preset_rename_preset
gst_preset_save_preset
gst_preset_set_app_dir
gst_preset_set_meta
gst_print_element_args
gst_print_pad_caps
gst_progress_type_get_type
gst_proxy_pad_acceptcaps_default
gst_proxy_pad_bufferalloc_default
gst_proxy_pad_chain_default
gst_proxy_pad_chain_list_default
gst_proxy_pad_checkgetrange_default
gst_proxy_pad_class_init
gst_proxy_pad_class_intern_init
gst_proxy_pad_event_default
gst_proxy_pad_fixatecaps_default
gst_proxy_pad_get_internal
gst_proxy_pad_get_target
gst_proxy_pad_get_type
gst_proxy_pad_getcaps_default
gst_proxy_pad_getrange_default
gst_proxy_pad_init
gst_proxy_pad_iterate_internal_links_default
gst_proxy_pad_query_default
gst_proxy_pad_query_type_default
gst_proxy_pad_save_thyself
gst_proxy_pad_setcaps_default
gst_proxy_pad_unlink_default
gst_qos_type_get_type
gst_query_add_buffering_range
gst_query_class_init
gst_query_class_intern_init
gst_query_finalize
gst_query_get_n_buffering_ranges
gst_query_get_structure
gst_query_get_type
gst_query_init
gst_query_list_add_format
gst_query_new
gst_query_new_application
gst_query_new_buffering
gst_query_new_convert
gst_query_new_duration
gst_query_new_formats
gst_query_new_latency
gst_query_new_position
gst_query_new_seeking
gst_query_new_segment
gst_query_new_uri
gst_query_parse_buffering_percent
gst_query_parse_buffering_range
gst_query_parse_buffering_stats
gst_query_parse_convert
gst_query_parse_duration
gst_query_parse_formats_length
gst_query_parse_formats_nth
gst_query_parse_latency
gst_query_parse_nth_buffering_range
gst_query_parse_position
gst_query_parse_seeking
gst_query_parse_segment
gst_query_parse_uri
gst_query_set_buffering_percent
gst_query_set_buffering_range
gst_query_set_buffering_stats
gst_query_set_convert
gst_query_set_duration
gst_query_set_formats
gst_query_set_formatsv
gst_query_set_latency
gst_query_set_position
gst_query_set_seeking
gst_query_set_segment
gst_query_set_uri
gst_query_type_get_by_nick
gst_query_type_get_details
gst_query_type_get_name
gst_query_type_get_type
gst_query_type_iterate_definitions
gst_query_type_register
gst_query_type_to_quark
gst_query_types_contains
gst_rank_get_type
gst_register_core_elements
gst_registry_add_feature
gst_registry_add_path
gst_registry_add_plugin
gst_registry_binary_cache_finish
gst_registry_binary_cache_init
gst_registry_binary_cache_write
gst_registry_binary_check_magic
gst_registry_binary_initialize_magic
gst_registry_binary_read_cache
gst_registry_binary_write_cache
gst_registry_binary_write_chunk
gst_registry_chunks_load_feature
gst_registry_chunks_load_pad_template
gst_registry_chunks_load_plugin_dep
gst_registry_chunks_load_plugin_dep_strv
gst_registry_chunks_make_data
gst_registry_chunks_save_const_string
gst_registry_chunks_save_feature
gst_registry_chunks_save_pad_template
gst_registry_chunks_save_plugin_dep
gst_registry_chunks_save_string
gst_registry_class_init
gst_registry_class_intern_init
gst_registry_feature_filter
gst_registry_finalize
gst_registry_find_feature
gst_registry_find_plugin
gst_registry_fork_is_enabled
gst_registry_fork_set_enabled
gst_registry_get_default
gst_registry_get_element_factory_list
gst_registry_get_feature_list
gst_registry_get_feature_list_by_plugin
gst_registry_get_feature_list_cookie
gst_registry_get_feature_list_or_create
gst_registry_get_path_list
gst_registry_get_plugin_list
gst_registry_get_type
gst_registry_get_typefind_factory_list
gst_registry_init
gst_registry_lookup
gst_registry_lookup_bn
gst_registry_lookup_bn_locked
gst_registry_lookup_feature
gst_registry_lookup_feature_locked
gst_registry_plugin_filter
gst_registry_remove_cache_plugins
gst_registry_remove_feature
gst_registry_remove_features_for_plugin_unlocked
gst_registry_remove_plugin
gst_registry_scan_path
gst_registry_scan_path_internal
gst_registry_scan_path_level
gst_registry_scan_plugin_file
gst_registry_xml_read_cache
gst_registry_xml_write_cache
gst_resource_error_get_type
gst_resource_error_quark
gst_search_mode_get_type
gst_seek_flags_get_type
gst_seek_type_get_type
gst_segment_clip
gst_segment_copy
gst_segment_free
gst_segment_get_type
gst_segment_init
gst_segment_new
gst_segment_set_duration
gst_segment_set_last_stop
gst_segment_set_newsegment
gst_segment_set_newsegment_full
gst_segment_set_running_time
gst_segment_set_seek
gst_segment_to_position
gst_segment_to_running_time
gst_segment_to_stream_time
gst_segtrap_is_enabled
gst_segtrap_set_enabled
gst_signal_object_class_init
gst_signal_object_class_intern_init
gst_signal_object_get_type
gst_signal_object_init
gst_single_object_iterator_free
gst_single_object_iterator_iterator_next
gst_single_object_iterator_resync
gst_state_change_get_type
gst_state_change_return_get_type
gst_state_get_type
gst_static_caps_get
gst_static_caps_get_type
gst_static_pad_template_get
gst_static_pad_template_get_caps
gst_static_pad_template_get_type
gst_stream_error_get_type
gst_stream_error_quark
gst_stream_status_type_get_type
gst_string_measure_wrapping
gst_string_take_and_wrap
gst_string_unwrap
gst_string_wrap
gst_string_wrap_inner
gst_structure_can_intersect
gst_structure_change_type_get_type
gst_structure_copy
gst_structure_copy_conditional
gst_structure_empty_new
gst_structure_fixate_field_boolean
gst_structure_fixate_field_nearest_double
gst_structure_fixate_field_nearest_fraction
gst_structure_fixate_field_nearest_int
gst_structure_fixate_field_string
gst_structure_foreach
gst_structure_free
gst_structure_from_string
gst_structure_get
gst_structure_get_abbrs
gst_structure_get_boolean
gst_structure_get_clock_time
gst_structure_get_date
gst_structure_get_date_time
gst_structure_get_double
gst_structure_get_enum
gst_structure_get_field
gst_structure_get_field_type
gst_structure_get_fourcc
gst_structure_get_fraction
gst_structure_get_int
gst_structure_get_name
gst_structure_get_name_id
gst_structure_get_string
gst_structure_get_type
gst_structure_get_uint
gst_structure_get_valist
gst_structure_get_value
gst_structure_gtype_from_abbr
gst_structure_has_field
gst_structure_has_field_typed
gst_structure_has_name
gst_structure_id_empty_new
gst_structure_id_empty_new_with_size
gst_structure_id_get
gst_structure_id_get_field
gst_structure_id_get_valist
gst_structure_id_get_value
gst_structure_id_has_field
gst_structure_id_has_field_typed
gst_structure_id_new
gst_structure_id_set
gst_structure_id_set_valist
gst_structure_id_set_valist_internal
gst_structure_id_set_value
gst_structure_id_set_value_internal
gst_structure_id_take_value
gst_structure_id_take_value_internal
gst_structure_intersect
gst_structure_intersect_field1
gst_structure_intersect_field2
gst_structure_is_equal
gst_structure_is_equal_foreach
gst_structure_is_subset
gst_structure_map_in_place
gst_structure_n_fields
gst_structure_new
gst_structure_new_valist
gst_structure_nth_field_name
gst_structure_parse_any_list
gst_structure_parse_array
gst_structure_parse_field
gst_structure_parse_list
gst_structure_parse_range
gst_structure_parse_simple_string
gst_structure_parse_string
gst_structure_parse_value
gst_structure_remove_all_fields
gst_structure_remove_field
gst_structure_remove_fields
gst_structure_remove_fields_valist
gst_structure_set
gst_structure_set_field
gst_structure_set_name
gst_structure_set_parent_refcount
gst_structure_set_valist
gst_structure_set_valist_internal
gst_structure_set_value
gst_structure_take_value
gst_structure_to_abbr
gst_structure_to_string
gst_structure_transform_to_string
gst_structure_validate_name
gst_structure_value_get_generic_type
gst_system_clock_add_wakeup
gst_system_clock_async_thread
gst_system_clock_class_init
gst_system_clock_class_intern_init
gst_system_clock_dispose
gst_system_clock_get_internal_time
gst_system_clock_get_property
gst_system_clock_get_resolution
gst_system_clock_get_type
gst_system_clock_id_unschedule
gst_system_clock_id_wait_async
gst_system_clock_id_wait_jitter
gst_system_clock_id_wait_jitter_unlocked
gst_system_clock_init
gst_system_clock_obtain
gst_system_clock_remove_wakeup
gst_system_clock_set_property
gst_system_clock_start_async
gst_system_clock_wait_wakeup
gst_tag_data_free
gst_tag_exists
gst_tag_flag_get_type
gst_tag_get_description
gst_tag_get_flag
gst_tag_get_nick
gst_tag_get_type
gst_tag_is_fixed
gst_tag_list_add
gst_tag_list_add_valist
gst_tag_list_add_valist_values
gst_tag_list_add_value
gst_tag_list_add_value_internal
gst_tag_list_add_values
gst_tag_list_copy
gst_tag_list_copy_foreach
gst_tag_list_copy_value
gst_tag_list_fields_equal
gst_tag_list_foreach
gst_tag_list_free
gst_tag_list_get_boolean
gst_tag_list_get_boolean_index
gst_tag_list_get_buffer
gst_tag_list_get_buffer_index
gst_tag_list_get_char
gst_tag_list_get_char_index
gst_tag_list_get_date
gst_tag_list_get_date_index
gst_tag_list_get_date_time
gst_tag_list_get_date_time_index
gst_tag_list_get_double
gst_tag_list_get_double_index
gst_tag_list_get_float
gst_tag_list_get_float_index
gst_tag_list_get_int
gst_tag_list_get_int64
gst_tag_list_get_int64_index
gst_tag_list_get_int_index
gst_tag_list_get_long
gst_tag_list_get_long_index
gst_tag_list_get_pointer
gst_tag_list_get_pointer_index
gst_tag_list_get_string
gst_tag_list_get_string_index
gst_tag_list_get_tag_size
gst_tag_list_get_type
gst_tag_list_get_uchar
gst_tag_list_get_uchar_index
gst_tag_list_get_uint
gst_tag_list_get_uint64
gst_tag_list_get_uint64_index
gst_tag_list_get_uint_index
gst_tag_list_get_ulong
gst_tag_list_get_ulong_index
gst_tag_list_get_value_index
gst_tag_list_insert
gst_tag_list_is_empty
gst_tag_list_is_equal
gst_tag_list_merge
gst_tag_list_new
gst_tag_list_new_from_string
gst_tag_list_new_full
gst_tag_list_new_full_valist
gst_tag_list_peek_string_index
gst_tag_list_remove_tag
gst_tag_list_to_string
gst_tag_lookup
gst_tag_merge_mode_get_type
gst_tag_merge_strings_with_comma
gst_tag_merge_use_first
gst_tag_register
gst_tag_setter_add_tag_valist
gst_tag_setter_add_tag_valist_values
gst_tag_setter_add_tag_value
gst_tag_setter_add_tag_values
gst_tag_setter_add_tags
gst_tag_setter_get_data
gst_tag_setter_get_tag_list
gst_tag_setter_get_tag_merge_mode
gst_tag_setter_get_type
gst_tag_setter_merge_tags
gst_tag_setter_reset_tags
gst_tag_setter_set_tag_merge_mode
gst_task_class_init
gst_task_class_intern_init
gst_task_cleanup_all
gst_task_configure_name
gst_task_create
gst_task_finalize
gst_task_func
gst_task_get_pool
gst_task_get_state
gst_task_get_type
gst_task_init
gst_task_join
gst_task_pause
gst_task_pool_class_init
gst_task_pool_class_intern_init
gst_task_pool_cleanup
gst_task_pool_finalize
gst_task_pool_get_type
gst_task_pool_init
gst_task_pool_join
gst_task_pool_new
gst_task_pool_prepare
gst_task_pool_push
gst_task_set_lock
gst_task_set_pool
gst_task_set_priority
gst_task_set_state
gst_task_set_thread_callbacks
gst_task_start
gst_task_state_get_type
gst_task_stop
gst_trace_destroy
gst_trace_flush
gst_trace_new
gst_trace_read_tsc
gst_trace_set_default
gst_trace_text_flush
gst_type_find_factory_call_function
gst_type_find_factory_class_init
gst_type_find_factory_class_intern_init
gst_type_find_factory_dispose
gst_type_find_factory_get_caps
gst_type_find_factory_get_extensions
gst_type_find_factory_get_list
gst_type_find_factory_get_type
gst_type_find_factory_init
gst_type_find_get_length
gst_type_find_get_type
gst_type_find_peek
gst_type_find_probability_get_type
gst_type_find_register
gst_type_find_suggest
gst_type_find_suggest_simple
gst_type_is_fixed
gst_type_register_static_full
gst_update_registry
gst_uri_construct
gst_uri_get_location
gst_uri_get_protocol
gst_uri_handler_base_init
gst_uri_handler_get_protocols
gst_uri_handler_get_type
gst_uri_handler_get_uri
gst_uri_handler_get_uri_type
gst_uri_handler_new_uri
gst_uri_handler_set_uri
gst_uri_has_protocol
gst_uri_is_valid
gst_uri_protocol_check_internal
gst_uri_protocol_is_supported
gst_uri_protocol_is_valid
gst_uri_type_get_type
gst_util_array_binary_search
gst_util_double_to_fraction
gst_util_dump_mem
gst_util_fraction_add
gst_util_fraction_compare
gst_util_fraction_multiply
gst_util_fraction_to_double
gst_util_gdouble_to_guint64
gst_util_get_timestamp
gst_util_greatest_common_divisor
gst_util_guint64_to_gdouble
gst_util_seqnum_compare
gst_util_seqnum_next
gst_util_set_object_arg
gst_util_set_value_from_string
gst_util_uint64_scale
gst_util_uint64_scale_ceil
gst_util_uint64_scale_int
gst_util_uint64_scale_int_ceil
gst_util_uint64_scale_int_round
gst_util_uint64_scale_round
gst_util_uint64_scale_uint64_unchecked
gst_value_array_append_value
gst_value_array_get_size
gst_value_array_get_type
gst_value_array_get_value
gst_value_array_prepend_value
gst_value_can_compare
gst_value_can_intersect
gst_value_can_subtract
gst_value_can_union
gst_value_collect_double_range
gst_value_collect_fourcc
gst_value_collect_fraction
gst_value_collect_fraction_range
gst_value_collect_int64_range
gst_value_collect_int_range
gst_value_collect_list_or_array
gst_value_compare
gst_value_compare_array
gst_value_compare_boolean
gst_value_compare_buffer
gst_value_compare_date
gst_value_compare_date_time
gst_value_compare_double
gst_value_compare_double_range
gst_value_compare_enum
gst_value_compare_flags
gst_value_compare_float
gst_value_compare_fourcc
gst_value_compare_fraction
gst_value_compare_fraction_range
gst_value_compare_int
gst_value_compare_int64
gst_value_compare_int64_range
gst_value_compare_int_range
gst_value_compare_list
gst_value_compare_long
gst_value_compare_string
gst_value_compare_uchar
gst_value_compare_uint
gst_value_compare_uint64
gst_value_compare_ulong
gst_value_compare_with_func
gst_value_copy_double_range
gst_value_copy_fourcc
gst_value_copy_fraction
gst_value_copy_fraction_range
gst_value_copy_int64_range
gst_value_copy_int_range
gst_value_copy_list_or_array
gst_value_create_new_int64_range
gst_value_create_new_range
gst_value_deserialize
gst_value_deserialize_array
gst_value_deserialize_boolean
gst_value_deserialize_buffer
gst_value_deserialize_caps
gst_value_deserialize_date
gst_value_deserialize_date_time
gst_value_deserialize_double
gst_value_deserialize_double_range
gst_value_deserialize_enum
gst_value_deserialize_enum_iter_cmp
gst_value_deserialize_flags
gst_value_deserialize_float
gst_value_deserialize_fourcc
gst_value_deserialize_fraction
gst_value_deserialize_fraction_range
gst_value_deserialize_int
gst_value_deserialize_int64
gst_value_deserialize_int64_range
gst_value_deserialize_int_helper
gst_value_deserialize_int_range
gst_value_deserialize_list
gst_value_deserialize_long
gst_value_deserialize_string
gst_value_deserialize_structure
gst_value_deserialize_uchar
gst_value_deserialize_uint
gst_value_deserialize_uint64
gst_value_deserialize_ulong
gst_value_dup_mini_object
gst_value_fraction_multiply
gst_value_fraction_subtract
gst_value_free_fraction_range
gst_value_free_list_or_array
gst_value_get_caps
gst_value_get_compare_func
gst_value_get_date
gst_value_get_double_range_max
gst_value_get_double_range_min
gst_value_get_fourcc
gst_value_get_fraction_denominator
gst_value_get_fraction_numerator
gst_value_get_fraction_range_max
gst_value_get_fraction_range_min
gst_value_get_int64_range_max
gst_value_get_int64_range_min
gst_value_get_int_range_max
gst_value_get_int_range_min
gst_value_get_mini_object
gst_value_get_structure
gst_value_hash_add_type
gst_value_hash_lookup_type
gst_value_init_and_copy
gst_value_init_double_range
gst_value_init_fourcc
gst_value_init_fraction
gst_value_init_fraction_range
gst_value_init_int64_range
gst_value_init_int_range
gst_value_init_list_or_array
gst_value_intersect
gst_value_intersect_array
gst_value_intersect_double_double_range
gst_value_intersect_double_range_double_range
gst_value_intersect_fraction_fraction_range
gst_value_intersect_fraction_range_fraction_range
gst_value_intersect_int64_int64_range
gst_value_intersect_int64_range_int64_range
gst_value_intersect_int_int_range
gst_value_intersect_int_range_int_range
gst_value_intersect_list
gst_value_is_fixed
gst_value_lcopy_double_range
gst_value_lcopy_fourcc
gst_value_lcopy_fraction
gst_value_lcopy_fraction_range
gst_value_lcopy_int64_range
gst_value_lcopy_int_range
gst_value_lcopy_list_or_array
gst_value_list_append_value
gst_value_list_concat
gst_value_list_equals_range
gst_value_list_get_size
gst_value_list_get_type
gst_value_list_get_value
gst_value_list_merge
gst_value_list_or_array_peek_pointer
gst_value_list_prepend_value
gst_value_mini_object_collect
gst_value_mini_object_copy
gst_value_mini_object_free
gst_value_mini_object_init
gst_value_mini_object_lcopy
gst_value_mini_object_peek_pointer
gst_value_register
gst_value_register_intersect_func
gst_value_register_subtract_func
gst_value_register_union_func
gst_value_serialize
gst_value_serialize_any_list
gst_value_serialize_array
gst_value_serialize_boolean
gst_value_serialize_buffer
gst_value_serialize_caps
gst_value_serialize_date
gst_value_serialize_date_time
gst_value_serialize_double
gst_value_serialize_double_range
gst_value_serialize_enum
gst_value_serialize_flags
gst_value_serialize_float
gst_value_serialize_fourcc
gst_value_serialize_fraction
gst_value_serialize_fraction_range
gst_value_serialize_int
gst_value_serialize_int64
gst_value_serialize_int64_range
gst_value_serialize_int_range
gst_value_serialize_list
gst_value_serialize_long
gst_value_serialize_string
gst_value_serialize_structure
gst_value_serialize_uchar
gst_value_serialize_uint
gst_value_serialize_uint64
gst_value_serialize_ulong
gst_value_set_caps
gst_value_set_date
gst_value_set_double_range
gst_value_set_fourcc
gst_value_set_fraction
gst_value_set_fraction_range
gst_value_set_fraction_range_full
gst_value_set_int64_range
gst_value_set_int_range
gst_value_set_mini_object
gst_value_set_structure
gst_value_subtract
gst_value_subtract_double_double_range
gst_value_subtract_double_range_double
gst_value_subtract_double_range_double_range
gst_value_subtract_fraction_fraction_range
gst_value_subtract_fraction_range_fraction
gst_value_subtract_fraction_range_fraction_range
gst_value_subtract_from_list
gst_value_subtract_int64_int64_range
gst_value_subtract_int64_range_int64
gst_value_subtract_int64_range_int64_range
gst_value_subtract_int_int_range
gst_value_subtract_int_range_int
gst_value_subtract_int_range_int_range
gst_value_subtract_list
gst_value_take_mini_object
gst_value_transform_any_list_string
gst_value_transform_array_string
gst_value_transform_date_string
gst_value_transform_double_fraction
gst_value_transform_double_range_string
gst_value_transform_float_fraction
gst_value_transform_fourcc_string
gst_value_transform_fraction_double
gst_value_transform_fraction_float
gst_value_transform_fraction_range_string
gst_value_transform_fraction_string
gst_value_transform_int64_range_string
gst_value_transform_int_range_string
gst_value_transform_list_string
gst_value_transform_object_string
gst_value_transform_string_date
gst_value_transform_string_fraction
gst_value_union
gst_value_union_int_int_range
gst_value_union_int_range_int_range
gst_version
gst_version_string
gst_xml_class_init
gst_xml_class_intern_init
gst_xml_dispose
gst_xml_get_element
gst_xml_get_topelements
gst_xml_get_type
gst_xml_init
gst_xml_make_element
gst_xml_new
gst_xml_object_loaded
gst_xml_parse_doc
gst_xml_parse_file
gst_xml_parse_memory
gst_xml_write
gst_xml_write_file
handle_pad_block
handle_rx_packet
hex_to_int
init_klass_pool
init_post
init_pre
init_scan_context
int_link_iter_data_free
is_blacklisted_hidden_directory
is_eos
iterate_child
iterate_child_recurse
iterate_pad
iterator_activate_fold_with_resync
load_plugin_func
marshal_VOID__MINIOBJECT
message_check
name_is_valid
new_queue_mem
no_free
object_has_ancestor
on_int_notify
on_src_target_notify
on_src_target_unlinked
pad_compare_name
pad_enter_thread
pad_free_cache
pad_leave_thread
pad_link_maybe_ghosting
pad_put_cache
pad_take_cache
param_mini_object_init
param_mini_object_set_default
param_mini_object_validate
param_mini_object_values_cmp
parse_debug_category
parse_debug_level
parse_debug_list
parse_goption_arg
parse_one_option
pipeline_update_start_time
plugin_loader_cleanup_child
plugin_loader_create_blacklist_plugin
plugin_loader_free
plugin_loader_load
plugin_loader_load_and_sync
plugin_loader_new
plugin_loader_replay_pending
plugin_loader_sync_with_child
poll_destroy
poll_destroy_timeout
poll_func
poll_timeout
pollfd_to_fd_set
post_activate
pre_activate
prepare_for_load_plugin_func
prepare_link_maybe_ghosting
preset_get_keyfile
preset_get_paths
preset_merge
preset_open_and_parse_header
preset_parse_version
preset_skip_property
priv_gst_date_time_compare
priv_gst_parse_launch
priv_gst_parse_yy_create_buffer
priv_gst_parse_yy_delete_buffer
priv_gst_parse_yy_flush_buffer
priv_gst_parse_yy_init_buffer
priv_gst_parse_yy_load_buffer_state
priv_gst_parse_yy_scan_buffer
priv_gst_parse_yy_scan_bytes
priv_gst_parse_yy_scan_string
priv_gst_parse_yy_switch_to_buffer
priv_gst_parse_yyalloc
priv_gst_parse_yyensure_buffer_stack
priv_gst_parse_yyerror
priv_gst_parse_yyfree
priv_gst_parse_yyget_debug
priv_gst_parse_yyget_extra
priv_gst_parse_yyget_in
priv_gst_parse_yyget_leng
priv_gst_parse_yyget_lineno
priv_gst_parse_yyget_lval
priv_gst_parse_yyget_out
priv_gst_parse_yyget_text
priv_gst_parse_yylex
priv_gst_parse_yylex_destroy
priv_gst_parse_yylex_init
priv_gst_parse_yylex_init_extra
priv_gst_parse_yyparse
priv_gst_parse_yypop_buffer_state
priv_gst_parse_yypush_buffer_state
priv_gst_parse_yyrealloc
priv_gst_parse_yyrestart
priv_gst_parse_yyset_debug
priv_gst_parse_yyset_extra
priv_gst_parse_yyset_in
priv_gst_parse_yyset_lineno
priv_gst_parse_yyset_lval
priv_gst_parse_yyset_out
priv_gst_plugin_desc_is_whitelisted
priv_gst_plugin_loading_get_whitelist_hash
priv_gst_plugin_loading_have_whitelist
priv_gst_structure_append_to_gstring
push_and_ref
put_chunk
put_packet
raise_wakeup
read_one
read_seqretry
read_tsc
release_all_wakeup
release_wakeup
remove_from_queue
remove_pad
reset_degree
reset_start_time
scan_and_update_registry
search_by_entry
select_all
setcaps_fold_func
sink_iterator_filter
sort_by_category_name
sort_by_rank
split_and_iterate
src_iterator_filter
start_task
stat
string_append_field
string_append_indent
structure_foreach_wrapper
structure_to_pretty_string
type_find_factory_rank_cmp
unescape_character
unescape_string
unlink_pads
update_degree
weak_refs_notify
write_one
yy_fatal_error
yy_get_next_buffer
yy_get_previous_state
yy_init_globals
yy_reduce_print
yy_stack_print
yy_symbol_print
yy_symbol_value_print
yy_try_NUL_trans
yydestruct
yystpcpy
yysyntax_error
yytnamerr

Binary: /usr/lib/x86_64-linux-gnu/libgstbase-0.10.so.0 
GST_READ_DOUBLE_BE
GST_READ_DOUBLE_LE
GST_READ_FLOAT_BE
GST_READ_FLOAT_LE
GST_WRITE_DOUBLE_BE
GST_WRITE_DOUBLE_LE
GST_WRITE_FLOAT_BE
GST_WRITE_FLOAT_LE
_gst_bit_reader_get_bits_uint16_inline
_gst_bit_reader_get_bits_uint32_inline
_gst_bit_reader_get_bits_uint64_inline
_gst_bit_reader_get_bits_uint8_inline
_gst_bit_reader_get_pos_inline
_gst_bit_reader_get_pos_unchecked
_gst_bit_reader_get_remaining_inline
_gst_bit_reader_get_remaining_unchecked
_gst_bit_reader_get_size_inline
_gst_bit_reader_get_size_unchecked
_gst_bit_reader_peek_bits_uint16_inline
_gst_bit_reader_peek_bits_uint32_inline
_gst_bit_reader_peek_bits_uint64_inline
_gst_bit_reader_peek_bits_uint8_inline
_gst_bit_reader_skip_inline
_gst_bit_reader_skip_to_byte_inline
_gst_byte_reader_dup_data_inline
_gst_byte_reader_get_data_inline
_gst_byte_reader_get_float32_be_inline
_gst_byte_reader_get_float32_le_inline
_gst_byte_reader_get_float64_be_inline
_gst_byte_reader_get_float64_le_inline
_gst_byte_reader_get_int16_be_inline
_gst_byte_reader_get_int16_le_inline
_gst_byte_reader_get_int24_be_inline
_gst_byte_reader_get_int24_le_inline
_gst_byte_reader_get_int32_be_inline
_gst_byte_reader_get_int32_le_inline
_gst_byte_reader_get_int64_be_inline
_gst_byte_reader_get_int64_le_inline
_gst_byte_reader_get_int8_inline
_gst_byte_reader_get_pos_inline
_gst_byte_reader_get_pos_unchecked
_gst_byte_reader_get_remaining_inline
_gst_byte_reader_get_remaining_unchecked
_gst_byte_reader_get_size_inline
_gst_byte_reader_get_size_unchecked
_gst_byte_reader_get_uint16_be_inline
_gst_byte_reader_get_uint16_le_inline
_gst_byte_reader_get_uint24_be_inline
_gst_byte_reader_get_uint24_le_inline
_gst_byte_reader_get_uint32_be_inline
_gst_byte_reader_get_uint32_le_inline
_gst_byte_reader_get_uint64_be_inline
_gst_byte_reader_get_uint64_le_inline
_gst_byte_reader_get_uint8_inline
_gst_byte_reader_peek_data_inline
_gst_byte_reader_peek_float32_be_inline
_gst_byte_reader_peek_float32_le_inline
_gst_byte_reader_peek_float64_be_inline
_gst_byte_reader_peek_float64_le_inline
_gst_byte_reader_peek_int16_be_inline
_gst_byte_reader_peek_int16_le_inline
_gst_byte_reader_peek_int24_be_inline
_gst_byte_reader_peek_int24_le_inline
_gst_byte_reader_peek_int32_be_inline
_gst_byte_reader_peek_int32_le_inline
_gst_byte_reader_peek_int64_be_inline
_gst_byte_reader_peek_int64_le_inline
_gst_byte_reader_peek_int8_inline
_gst_byte_reader_peek_uint16_be_inline
_gst_byte_reader_peek_uint16_le_inline
_gst_byte_reader_peek_uint24_be_inline
_gst_byte_reader_peek_uint24_le_inline
_gst_byte_reader_peek_uint32_be_inline
_gst_byte_reader_peek_uint32_le_inline
_gst_byte_reader_peek_uint64_be_inline
_gst_byte_reader_peek_uint64_le_inline
_gst_byte_reader_peek_uint8_inline
_gst_byte_reader_skip_inline
_gst_byte_writer_ensure_free_space_inline
_gst_byte_writer_fill_inline
_gst_byte_writer_next_pow2
_gst_byte_writer_put_data_inline
_gst_byte_writer_put_float32_be_inline
_gst_byte_writer_put_float32_le_inline
_gst_byte_writer_put_float64_be_inline
_gst_byte_writer_put_float64_le_inline
_gst_byte_writer_put_int16_be_inline
_gst_byte_writer_put_int16_le_inline
_gst_byte_writer_put_int24_be_inline
_gst_byte_writer_put_int24_le_inline
_gst_byte_writer_put_int32_be_inline
_gst_byte_writer_put_int32_le_inline
_gst_byte_writer_put_int64_be_inline
_gst_byte_writer_put_int64_le_inline
_gst_byte_writer_put_int8_inline
_gst_byte_writer_put_uint16_be_inline
_gst_byte_writer_put_uint16_le_inline
_gst_byte_writer_put_uint24_be_inline
_gst_byte_writer_put_uint24_le_inline
_gst_byte_writer_put_uint32_be_inline
_gst_byte_writer_put_uint32_le_inline
_gst_byte_writer_put_uint64_be_inline
_gst_byte_writer_put_uint64_le_inline
_gst_byte_writer_put_uint8_inline
buf_helper_find_peek
buf_helper_find_suggest
compute_upstream_suggestion
copy_into_unchecked
default_element_query
default_sink_query
find_pad
get_object_type
gst_adapter_available
gst_adapter_available_fast
gst_adapter_base_init
gst_adapter_class_init
gst_adapter_class_init_trampoline
gst_adapter_clear
gst_adapter_copy
gst_adapter_dispose
gst_adapter_finalize
gst_adapter_flush
gst_adapter_flush_unchecked
gst_adapter_get_type
gst_adapter_init
gst_adapter_masked_scan_uint32
gst_adapter_masked_scan_uint32_peek
gst_adapter_new
gst_adapter_peek
gst_adapter_prev_timestamp
gst_adapter_push
gst_adapter_take
gst_adapter_take_buffer
gst_adapter_take_internal
gst_adapter_take_list
gst_adapter_try_to_merge_up
gst_base_parse_activate
gst_base_parse_add_index_entry
gst_base_parse_chain
gst_base_parse_change_state
gst_base_parse_check_frame
gst_base_parse_check_media
gst_base_parse_check_seekability
gst_base_parse_check_sync
gst_base_parse_check_upstream
gst_base_parse_class_init
gst_base_parse_clear_queues
gst_base_parse_convert
gst_base_parse_convert_default
gst_base_parse_drain
gst_base_parse_finalize
gst_base_parse_find_frame
gst_base_parse_find_offset
gst_base_parse_frame_copy
gst_base_parse_frame_free
gst_base_parse_frame_get_type
gst_base_parse_frame_init
gst_base_parse_frame_new
gst_base_parse_frame_update
gst_base_parse_get_duration
gst_base_parse_get_index
gst_base_parse_get_querytypes
gst_base_parse_get_type
gst_base_parse_handle_and_push_frame
gst_base_parse_handle_previous_fragment
gst_base_parse_handle_seek
gst_base_parse_handle_tag
gst_base_parse_init
gst_base_parse_is_seekable
gst_base_parse_locate_time
gst_base_parse_loop
gst_base_parse_parse_frame
gst_base_parse_post_bitrates
gst_base_parse_process_fragment
gst_base_parse_pull_range
gst_base_parse_push_frame
gst_base_parse_query
gst_base_parse_queue_frame
gst_base_parse_reset
gst_base_parse_scan_frame
gst_base_parse_send_buffers
gst_base_parse_set_average_bitrate
gst_base_parse_set_duration
gst_base_parse_set_frame_rate
gst_base_parse_set_has_timing_info
gst_base_parse_set_index
gst_base_parse_set_latency
gst_base_parse_set_min_frame_size
gst_base_parse_set_passthrough
gst_base_parse_set_syncable
gst_base_parse_sink_activate
gst_base_parse_sink_activate_pull
gst_base_parse_sink_activate_push
gst_base_parse_sink_event
gst_base_parse_sink_eventfunc
gst_base_parse_sink_getcaps
gst_base_parse_sink_setcaps
gst_base_parse_src_event
gst_base_parse_src_eventfunc
gst_base_parse_update_bitrates
gst_base_parse_update_duration
gst_base_sink_adjust_time
gst_base_sink_buffer_alloc
gst_base_sink_chain
gst_base_sink_chain_list
gst_base_sink_chain_main
gst_base_sink_chain_unlocked
gst_base_sink_change_state
gst_base_sink_class_init
gst_base_sink_commit_state
gst_base_sink_configure_segment
gst_base_sink_default_activate_pull
gst_base_sink_default_do_seek
gst_base_sink_default_prepare_seek_segment
gst_base_sink_do_preroll
gst_base_sink_do_render_stats
gst_base_sink_do_sync
gst_base_sink_event
gst_base_sink_finalize
gst_base_sink_flush_start
gst_base_sink_flush_stop
gst_base_sink_get_blocksize
gst_base_sink_get_caps
gst_base_sink_get_duration
gst_base_sink_get_last_buffer
gst_base_sink_get_latency
gst_base_sink_get_max_lateness
gst_base_sink_get_position
gst_base_sink_get_property
gst_base_sink_get_query_types
gst_base_sink_get_render_delay
gst_base_sink_get_sync
gst_base_sink_get_sync_times
gst_base_sink_get_throttle_time
gst_base_sink_get_times
gst_base_sink_get_ts_offset
gst_base_sink_get_type
gst_base_sink_init
gst_base_sink_is_async_enabled
gst_base_sink_is_last_buffer_enabled
gst_base_sink_is_qos_enabled
gst_base_sink_is_too_late
gst_base_sink_loop
gst_base_sink_needs_preroll
gst_base_sink_negotiate_pull
gst_base_sink_pad_activate
gst_base_sink_pad_activate_pull
gst_base_sink_pad_activate_push
gst_base_sink_pad_buffer_alloc
gst_base_sink_pad_fixate
gst_base_sink_pad_getcaps
gst_base_sink_pad_setcaps
gst_base_sink_perform_qos
gst_base_sink_perform_seek
gst_base_sink_perform_step
gst_base_sink_preroll_object
gst_base_sink_preroll_queue_flush
gst_base_sink_query_latency
gst_base_sink_queue_object
gst_base_sink_queue_object_unlocked
gst_base_sink_render_object
gst_base_sink_reset_qos
gst_base_sink_send_event
gst_base_sink_send_qos
gst_base_sink_set_async_enabled
gst_base_sink_set_blocksize
gst_base_sink_set_caps
gst_base_sink_set_flushing
gst_base_sink_set_last_buffer
gst_base_sink_set_last_buffer_enabled
gst_base_sink_set_last_buffer_unlocked
gst_base_sink_set_max_lateness
gst_base_sink_set_property
gst_base_sink_set_qos_enabled
gst_base_sink_set_render_delay
gst_base_sink_set_sync
gst_base_sink_set_throttle_time
gst_base_sink_set_ts_offset
gst_base_sink_sink_query
gst_base_sink_wait_clock
gst_base_sink_wait_eos
gst_base_sink_wait_preroll
gst_base_src_activate_pull
gst_base_src_activate_push
gst_base_src_base_init
gst_base_src_change_state
gst_base_src_check_get_range
gst_base_src_class_init
gst_base_src_default_check_get_range
gst_base_src_default_do_seek
gst_base_src_default_event
gst_base_src_default_negotiate
gst_base_src_default_prepare_seek_segment
gst_base_src_default_query
gst_base_src_do_seek
gst_base_src_do_sync
gst_base_src_event_handler
gst_base_src_finalize
gst_base_src_fixate
gst_base_src_get_blocksize
gst_base_src_get_do_timestamp
gst_base_src_get_property
gst_base_src_get_query_types
gst_base_src_get_range
gst_base_src_get_type
gst_base_src_getcaps
gst_base_src_init
gst_base_src_is_live
gst_base_src_loop
gst_base_src_negotiate
gst_base_src_new_seamless_segment
gst_base_src_pad_check_get_range
gst_base_src_pad_get_range
gst_base_src_perform_seek
gst_base_src_prepare_seek_segment
gst_base_src_query
gst_base_src_query_latency
gst_base_src_seekable
gst_base_src_send_event
gst_base_src_set_blocksize
gst_base_src_set_do_timestamp
gst_base_src_set_dynamic_size
gst_base_src_set_flushing
gst_base_src_set_format
gst_base_src_set_live
gst_base_src_set_playing
gst_base_src_set_property
gst_base_src_setcaps
gst_base_src_start
gst_base_src_stop
gst_base_src_update_length
gst_base_src_update_qos
gst_base_src_wait
gst_base_src_wait_playing
gst_base_transform_acceptcaps
gst_base_transform_acceptcaps_default
gst_base_transform_activate
gst_base_transform_buffer_alloc
gst_base_transform_can_transform
gst_base_transform_chain
gst_base_transform_check_get_range
gst_base_transform_class_init
gst_base_transform_clear_transformed_caps_cache
gst_base_transform_configure_caps
gst_base_transform_default_query
gst_base_transform_drop_delayed_events
gst_base_transform_finalize
gst_base_transform_find_transform
gst_base_transform_get_property
gst_base_transform_get_type
gst_base_transform_get_unit_size
gst_base_transform_getcaps
gst_base_transform_getrange
gst_base_transform_handle_buffer
gst_base_transform_init
gst_base_transform_is_in_place
gst_base_transform_is_passthrough
gst_base_transform_is_qos_enabled
gst_base_transform_prepare_output_buffer
gst_base_transform_query
gst_base_transform_query_type
gst_base_transform_reconfigure
gst_base_transform_send_delayed_events
gst_base_transform_set_gap_aware
gst_base_transform_set_in_place
gst_base_transform_set_passthrough
gst_base_transform_set_property
gst_base_transform_set_qos_enabled
gst_base_transform_setcaps
gst_base_transform_sink_activate_push
gst_base_transform_sink_event
gst_base_transform_sink_eventfunc
gst_base_transform_src_activate_pull
gst_base_transform_src_event
gst_base_transform_src_eventfunc
gst_base_transform_suggest
gst_base_transform_transform_caps
gst_base_transform_transform_size
gst_base_transform_update_qos
gst_bit_reader_free
gst_bit_reader_get_bits_uint16
gst_bit_reader_get_bits_uint16_unchecked
gst_bit_reader_get_bits_uint32
gst_bit_reader_get_bits_uint32_unchecked
gst_bit_reader_get_bits_uint64
gst_bit_reader_get_bits_uint64_unchecked
gst_bit_reader_get_bits_uint8
gst_bit_reader_get_bits_uint8_unchecked
gst_bit_reader_get_pos
gst_bit_reader_get_remaining
gst_bit_reader_get_size
gst_bit_reader_init
gst_bit_reader_init_from_buffer
gst_bit_reader_new
gst_bit_reader_new_from_buffer
gst_bit_reader_peek_bits_uint16
gst_bit_reader_peek_bits_uint16_unchecked
gst_bit_reader_peek_bits_uint32
gst_bit_reader_peek_bits_uint32_unchecked
gst_bit_reader_peek_bits_uint64
gst_bit_reader_peek_bits_uint64_unchecked
gst_bit_reader_peek_bits_uint8
gst_bit_reader_peek_bits_uint8_unchecked
gst_bit_reader_set_pos
gst_bit_reader_skip
gst_bit_reader_skip_to_byte
gst_bit_reader_skip_to_byte_unchecked
gst_bit_reader_skip_unchecked
gst_buffer_list_unref
gst_buffer_ref
gst_buffer_replace
gst_byte_reader_dup_data
gst_byte_reader_dup_data_unchecked
gst_byte_reader_dup_string_utf16
gst_byte_reader_dup_string_utf32
gst_byte_reader_dup_string_utf8
gst_byte_reader_free
gst_byte_reader_get_data
gst_byte_reader_get_data_unchecked
gst_byte_reader_get_float32_be
gst_byte_reader_get_float32_be_unchecked
gst_byte_reader_get_float32_le
gst_byte_reader_get_float32_le_unchecked
gst_byte_reader_get_float64_be
gst_byte_reader_get_float64_be_unchecked
gst_byte_reader_get_float64_le
gst_byte_reader_get_float64_le_unchecked
gst_byte_reader_get_int16_be
gst_byte_reader_get_int16_be_unchecked
gst_byte_reader_get_int16_le
gst_byte_reader_get_int16_le_unchecked
gst_byte_reader_get_int24_be
gst_byte_reader_get_int24_be_unchecked
gst_byte_reader_get_int24_le
gst_byte_reader_get_int24_le_unchecked
gst_byte_reader_get_int32_be
gst_byte_reader_get_int32_be_unchecked
gst_byte_reader_get_int32_le
gst_byte_reader_get_int32_le_unchecked
gst_byte_reader_get_int64_be
gst_byte_reader_get_int64_be_unchecked
gst_byte_reader_get_int64_le
gst_byte_reader_get_int64_le_unchecked
gst_byte_reader_get_int8
gst_byte_reader_get_int8_unchecked
gst_byte_reader_get_pos
gst_byte_reader_get_remaining
gst_byte_reader_get_size
gst_byte_reader_get_string_utf8
gst_byte_reader_get_uint16_be
gst_byte_reader_get_uint16_be_unchecked
gst_byte_reader_get_uint16_le
gst_byte_reader_get_uint16_le_unchecked
gst_byte_reader_get_uint24_be
gst_byte_reader_get_uint24_be_unchecked
gst_byte_reader_get_uint24_le
gst_byte_reader_get_uint24_le_unchecked
gst_byte_reader_get_uint32_be
gst_byte_reader_get_uint32_be_unchecked
gst_byte_reader_get_uint32_le
gst_byte_reader_get_uint32_le_unchecked
gst_byte_reader_get_uint64_be
gst_byte_reader_get_uint64_be_unchecked
gst_byte_reader_get_uint64_le
gst_byte_reader_get_uint64_le_unchecked
gst_byte_reader_get_uint8
gst_byte_reader_get_uint8_unchecked
gst_byte_reader_init
gst_byte_reader_init_from_buffer
gst_byte_reader_masked_scan_uint32
gst_byte_reader_new
gst_byte_reader_new_from_buffer
gst_byte_reader_peek_data
gst_byte_reader_peek_data_unchecked
gst_byte_reader_peek_float32_be
gst_byte_reader_peek_float32_be_unchecked
gst_byte_reader_peek_float32_le
gst_byte_reader_peek_float32_le_unchecked
gst_byte_reader_peek_float64_be
gst_byte_reader_peek_float64_be_unchecked
gst_byte_reader_peek_float64_le
gst_byte_reader_peek_float64_le_unchecked
gst_byte_reader_peek_int16_be
gst_byte_reader_peek_int16_be_unchecked
gst_byte_reader_peek_int16_le
gst_byte_reader_peek_int16_le_unchecked
gst_byte_reader_peek_int24_be
gst_byte_reader_peek_int24_be_unchecked
gst_byte_reader_peek_int24_le
gst_byte_reader_peek_int24_le_unchecked
gst_byte_reader_peek_int32_be
gst_byte_reader_peek_int32_be_unchecked
gst_byte_reader_peek_int32_le
gst_byte_reader_peek_int32_le_unchecked
gst_byte_reader_peek_int64_be
gst_byte_reader_peek_int64_be_unchecked
gst_byte_reader_peek_int64_le
gst_byte_reader_peek_int64_le_unchecked
gst_byte_reader_peek_int8
gst_byte_reader_peek_int8_unchecked
gst_byte_reader_peek_string_utf8
gst_byte_reader_peek_uint16_be
gst_byte_reader_peek_uint16_be_unchecked
gst_byte_reader_peek_uint16_le
gst_byte_reader_peek_uint16_le_unchecked
gst_byte_reader_peek_uint24_be
gst_byte_reader_peek_uint24_be_unchecked
gst_byte_reader_peek_uint24_le
gst_byte_reader_peek_uint24_le_unchecked
gst_byte_reader_peek_uint32_be
gst_byte_reader_peek_uint32_be_unchecked
gst_byte_reader_peek_uint32_le
gst_byte_reader_peek_uint32_le_unchecked
gst_byte_reader_peek_uint64_be
gst_byte_reader_peek_uint64_be_unchecked
gst_byte_reader_peek_uint64_le
gst_byte_reader_peek_uint64_le_unchecked
gst_byte_reader_peek_uint8
gst_byte_reader_peek_uint8_unchecked
gst_byte_reader_scan_string_utf16
gst_byte_reader_scan_string_utf32
gst_byte_reader_scan_string_utf8
gst_byte_reader_set_pos
gst_byte_reader_skip
gst_byte_reader_skip_string_utf16
gst_byte_reader_skip_string_utf32
gst_byte_reader_skip_string_utf8
gst_byte_reader_skip_unchecked
gst_byte_writer_ensure_free_space
gst_byte_writer_fill
gst_byte_writer_fill_unchecked
gst_byte_writer_free
gst_byte_writer_free_and_get_buffer
gst_byte_writer_free_and_get_data
gst_byte_writer_get_remaining
gst_byte_writer_init
gst_byte_writer_init_with_buffer
gst_byte_writer_init_with_data
gst_byte_writer_init_with_size
gst_byte_writer_new
gst_byte_writer_new_with_buffer
gst_byte_writer_new_with_data
gst_byte_writer_new_with_size
gst_byte_writer_put_data
gst_byte_writer_put_data_unchecked
gst_byte_writer_put_float32_be
gst_byte_writer_put_float32_be_unchecked
gst_byte_writer_put_float32_le
gst_byte_writer_put_float32_le_unchecked
gst_byte_writer_put_float64_be
gst_byte_writer_put_float64_be_unchecked
gst_byte_writer_put_float64_le
gst_byte_writer_put_float64_le_unchecked
gst_byte_writer_put_int16_be
gst_byte_writer_put_int16_be_unchecked
gst_byte_writer_put_int16_le
gst_byte_writer_put_int16_le_unchecked
gst_byte_writer_put_int24_be
gst_byte_writer_put_int24_be_unchecked
gst_byte_writer_put_int24_le
gst_byte_writer_put_int24_le_unchecked
gst_byte_writer_put_int32_be
gst_byte_writer_put_int32_be_unchecked
gst_byte_writer_put_int32_le
gst_byte_writer_put_int32_le_unchecked
gst_byte_writer_put_int64_be
gst_byte_writer_put_int64_be_unchecked
gst_byte_writer_put_int64_le
gst_byte_writer_put_int64_le_unchecked
gst_byte_writer_put_int8
gst_byte_writer_put_int8_unchecked
gst_byte_writer_put_string_utf16
gst_byte_writer_put_string_utf32
gst_byte_writer_put_string_utf8
gst_byte_writer_put_uint16_be
gst_byte_writer_put_uint16_be_unchecked
gst_byte_writer_put_uint16_le
gst_byte_writer_put_uint16_le_unchecked
gst_byte_writer_put_uint24_be
gst_byte_writer_put_uint24_be_unchecked
gst_byte_writer_put_uint24_le
gst_byte_writer_put_uint24_le_unchecked
gst_byte_writer_put_uint32_be
gst_byte_writer_put_uint32_be_unchecked
gst_byte_writer_put_uint32_le
gst_byte_writer_put_uint32_le_unchecked
gst_byte_writer_put_uint64_be
gst_byte_writer_put_uint64_be_unchecked
gst_byte_writer_put_uint64_le
gst_byte_writer_put_uint64_le_unchecked
gst_byte_writer_put_uint8
gst_byte_writer_put_uint8_unchecked
gst_byte_writer_reset
gst_byte_writer_reset_and_get_buffer
gst_byte_writer_reset_and_get_data
gst_collect_pads2_add_pad
gst_collect_pads2_add_pad_full
gst_collect_pads2_available
gst_collect_pads2_chain
gst_collect_pads2_check_collected
gst_collect_pads2_check_pads
gst_collect_pads2_class_init
gst_collect_pads2_class_intern_init
gst_collect_pads2_clear
gst_collect_pads2_collect
gst_collect_pads2_collect_range
gst_collect_pads2_default_collected
gst_collect_pads2_default_compare_func
gst_collect_pads2_event
gst_collect_pads2_finalize
gst_collect_pads2_find_best_pad
gst_collect_pads2_flush
gst_collect_pads2_get_type
gst_collect_pads2_init
gst_collect_pads2_is_active
gst_collect_pads2_new
gst_collect_pads2_peek
gst_collect_pads2_pop
gst_collect_pads2_read
gst_collect_pads2_read_buffer
gst_collect_pads2_recalculate_full
gst_collect_pads2_recalculate_waiting
gst_collect_pads2_remove_pad
gst_collect_pads2_set_buffer_function
gst_collect_pads2_set_buffer_function_locked
gst_collect_pads2_set_clip_function
gst_collect_pads2_set_compare_function
gst_collect_pads2_set_event_function
gst_collect_pads2_set_flushing
gst_collect_pads2_set_flushing_unlocked
gst_collect_pads2_set_function
gst_collect_pads2_set_waiting
gst_collect_pads2_start
gst_collect_pads2_stop
gst_collect_pads2_take_buffer
gst_collect_pads_add_pad
gst_collect_pads_add_pad_full
gst_collect_pads_available
gst_collect_pads_base_init
gst_collect_pads_chain
gst_collect_pads_check_collected
gst_collect_pads_check_pads
gst_collect_pads_check_pads_unlocked
gst_collect_pads_class_init
gst_collect_pads_class_init_trampoline
gst_collect_pads_clear
gst_collect_pads_collect
gst_collect_pads_collect_range
gst_collect_pads_event
gst_collect_pads_finalize
gst_collect_pads_flush
gst_collect_pads_get_type
gst_collect_pads_init
gst_collect_pads_is_active
gst_collect_pads_is_flushing
gst_collect_pads_new
gst_collect_pads_peek
gst_collect_pads_pop
gst_collect_pads_read
gst_collect_pads_read_buffer
gst_collect_pads_remove_pad
gst_collect_pads_set_clip_function
gst_collect_pads_set_flushing
gst_collect_pads_set_flushing_unlocked
gst_collect_pads_set_function
gst_collect_pads_start
gst_collect_pads_stop
gst_collect_pads_take_buffer
gst_data_queue_class_init
gst_data_queue_class_intern_init
gst_data_queue_cleanup
gst_data_queue_drop_head
gst_data_queue_finalize
gst_data_queue_flush
gst_data_queue_get_level
gst_data_queue_get_property
gst_data_queue_get_type
gst_data_queue_init
gst_data_queue_is_empty
gst_data_queue_is_full
gst_data_queue_limits_changed
gst_data_queue_locked_flush
gst_data_queue_locked_is_empty
gst_data_queue_locked_is_full
gst_data_queue_new
gst_data_queue_new_full
gst_data_queue_pop
gst_data_queue_push
gst_data_queue_set_flushing
gst_data_queue_set_property
gst_event_ref
gst_event_replace
# gst_g_cond_free
# gst_g_mutex_new
gst_g_static_rec_mutex_init
gst_push_src_base_init
gst_push_src_check_get_range
gst_push_src_class_init
gst_push_src_class_init_trampoline
gst_push_src_create
gst_push_src_get_type
gst_push_src_init
gst_type_find_helper
gst_type_find_helper_for_buffer
gst_type_find_helper_for_extension
gst_type_find_helper_get_range
gst_type_find_helper_get_range_ext
handle_stepping
# helper_find_get_length
# helper_find_peek
helper_find_suggest
ref_data
set_step_info
start_stepping
stop_stepping
unref_data
update_timestamp

Binary: /usr/lib/x86_64-linux-gnu/gstreamer-0.10/libgstsubparse.so
characters_sami
convert_encoding
detect_encoding
dks_skip_timestamp
end_sami_element
feed_textbuf
fix_invalid_entities
# g_string_append_c_inline
get_next_line
# gst_buffer_unref
gst_convert_to_utf8
gst_event_unref
gst_query_unref
gst_ssa_parse_base_init
gst_ssa_parse_chain
gst_ssa_parse_change_state
gst_ssa_parse_class_init
gst_ssa_parse_class_init_trampoline
gst_ssa_parse_dispose
gst_ssa_parse_get_type
gst_ssa_parse_init
gst_ssa_parse_push_line
gst_ssa_parse_remove_override_codes
gst_ssa_parse_setcaps
gst_ssa_parse_sink_event
gst_ssa_parse_src_event
gst_sub_parse_base_init
gst_sub_parse_chain
gst_sub_parse_change_state
gst_sub_parse_class_init
gst_sub_parse_data_format_autodetect
gst_sub_parse_data_format_autodetect_regex_once
gst_sub_parse_dispose
gst_sub_parse_format_autodetect
gst_sub_parse_get_format_description
gst_sub_parse_get_property
gst_sub_parse_get_type
gst_sub_parse_init
gst_sub_parse_set_property
gst_sub_parse_sink_event
gst_sub_parse_src_event
gst_sub_parse_src_query
gst_subparse_type_find
handle_buffer
handle_start_font
handle_start_sync
has_tag
make_color
mpl2_parse_line
parse_dks
parse_mdvdsub
parse_mpl2
parse_mpsub
parse_qttext
parse_sami
parse_subrip
parse_subrip_time
parse_subviewer
parse_tmplayer
parser_state_dispose
parser_state_init
plugin_init
qttext_context_deinit
qttext_context_init
qttext_get_text
qttext_open_markup
qttext_parse_tag
qttext_parse_text
qttext_parse_timestamp
qttext_prepare_text
read_color
read_int
read_str
sami_context_deinit
sami_context_init
sami_context_pop_state
sami_context_push_state
sami_context_reset
start_sami_element
string_match
strip_trailing_newlines
subrip_fix_up_markup
subrip_remove_unhandled_tag
subrip_remove_unhandled_tags
subrip_unescape_formatting
tmplayer_parse_line
tmplayer_process_buffer
unescape_newlines_br
